# JRE version: OpenJDK Runtime Environment (17.0.7) (build 17.0.7+0-b2043.56-10550314)
# Java VM: OpenJDK 64-Bit Server VM (17.0.7+0-b2043.56-10550314, mixed mode, tiered, compressed oops, compressed class ptrs, g1 gc, windows-amd64)
GC Precious Log:
 CPUs: 8 total, 8 available
 Memory: 6005M
 Large Page Support: Disabled
 NUMA Support: Disabled
 Compressed Oops: Enabled (32-bit)
 Heap Region Size: 1M
 Heap Min Capacity: 8M
 Heap Initial Capacity: 94M
 Heap Max Capacity: 2G
 Pre-touch: Disabled
 Parallel Workers: 8
 Concurrent Workers: 2
 Concurrent Refinement Workers: 8
 Periodic GC: Disabled
Heap:
 garbage-first heap   total 240640K, used 114070K [0x0000000080000000, 0x0000000100000000)
  region size 1024K, 10 young (10240K), 10 survivors (10240K)
 Metaspace       used 132649K, committed 133760K, reserved 1179648K
  class space    used 17994K, committed 18496K, reserved 1048576K
GC Heap History (20 events):
Event: 2003.691 GC heap after
{Heap after GC invocations=65 (full 0):
 garbage-first heap   total 240640K, used 117432K [0x0000000080000000, 0x0000000100000000)
  region size 1024K, 2 young (2048K), 2 survivors (2048K)
 Metaspace       used 130823K, committed 131712K, reserved 1179648K
  class space    used 17878K, committed 18304K, reserved 1048576K
}
Event: 2303.986 GC heap before
{Heap before GC invocations=65 (full 0):
 garbage-first heap   total 240640K, used 126648K [0x0000000080000000, 0x0000000100000000)
  region size 1024K, 11 young (11264K), 2 survivors (2048K)
 Metaspace       used 130844K, committed 131712K, reserved 1179648K
  class space    used 17878K, committed 18304K, reserved 1048576K
}
Event: 2304.099 GC heap after
{Heap after GC invocations=66 (full 0):
 garbage-first heap   total 240640K, used 109826K [0x0000000080000000, 0x0000000100000000)
  region size 1024K, 1 young (1024K), 1 survivors (1024K)
 Metaspace       used 130844K, committed 131712K, reserved 1179648K
  class space    used 17878K, committed 18304K, reserved 1048576K
}
Event: 2308.256 GC heap before
{Heap before GC invocations=66 (full 0):
 garbage-first heap   total 240640K, used 158978K [0x0000000080000000, 0x0000000100000000)
  region size 1024K, 51 young (52224K), 1 survivors (1024K)
 Metaspace       used 131022K, committed 131968K, reserved 1179648K
  class space    used 17881K, committed 18304K, reserved 1048576K
}
Event: 2308.308 GC heap after
{Heap after GC invocations=67 (full 0):
 garbage-first heap   total 240640K, used 117438K [0x0000000080000000, 0x0000000100000000)
  region size 1024K, 9 young (9216K), 9 survivors (9216K)
 Metaspace       used 131022K, committed 131968K, reserved 1179648K
  class space    used 17881K, committed 18304K, reserved 1048576K
}
Event: 2535.355 GC heap before
{Heap before GC invocations=68 (full 0):
 garbage-first heap   total 240640K, used 207550K [0x0000000080000000, 0x0000000100000000)
  region size 1024K, 84 young (86016K), 9 survivors (9216K)
 Metaspace       used 131411K, committed 132288K, reserved 1179648K
  class space    used 17871K, committed 18304K, reserved 1048576K
}
Event: 2535.522 GC heap after
{Heap after GC invocations=69 (full 0):
 garbage-first heap   total 240640K, used 114263K [0x0000000080000000, 0x0000000100000000)
  region size 1024K, 3 young (3072K), 3 survivors (3072K)
 Metaspace       used 131411K, committed 132288K, reserved 1179648K
  class space    used 17871K, committed 18304K, reserved 1048576K
}
Event: 2536.130 GC heap before
{Heap before GC invocations=69 (full 0):
 garbage-first heap   total 240640K, used 121431K [0x0000000080000000, 0x0000000100000000)
  region size 1024K, 11 young (11264K), 3 survivors (3072K)
 Metaspace       used 131418K, committed 132288K, reserved 1179648K
  class space    used 17871K, committed 18304K, reserved 1048576K
}
Event: 2536.318 GC heap after
{Heap after GC invocations=70 (full 0):
 garbage-first heap   total 240640K, used 104512K [0x0000000080000000, 0x0000000100000000)
  region size 1024K, 2 young (2048K), 2 survivors (2048K)
 Metaspace       used 131418K, committed 132288K, reserved 1179648K
  class space    used 17871K, committed 18304K, reserved 1048576K
}
Event: 2537.298 GC heap before
{Heap before GC invocations=70 (full 0):
 garbage-first heap   total 240640K, used 112704K [0x0000000080000000, 0x0000000100000000)
  region size 1024K, 11 young (11264K), 2 survivors (2048K)
 Metaspace       used 131487K, committed 132352K, reserved 1179648K
  class space    used 17878K, committed 18304K, reserved 1048576K
}
Event: 2537.432 GC heap after
{Heap after GC invocations=71 (full 0):
 garbage-first heap   total 240640K, used 101929K [0x0000000080000000, 0x0000000100000000)
  region size 1024K, 1 young (1024K), 1 survivors (1024K)
 Metaspace       used 131487K, committed 132352K, reserved 1179648K
  class space    used 17878K, committed 18304K, reserved 1048576K
}
Event: 2538.233 GC heap before
{Heap before GC invocations=71 (full 0):
 garbage-first heap   total 240640K, used 112169K [0x0000000080000000, 0x0000000100000000)
  region size 1024K, 11 young (11264K), 1 survivors (1024K)
 Metaspace       used 131565K, committed 132480K, reserved 1179648K
  class space    used 17882K, committed 18304K, reserved 1048576K
}
Event: 2538.275 GC heap after
{Heap after GC invocations=72 (full 0):
 garbage-first heap   total 240640K, used 103186K [0x0000000080000000, 0x0000000100000000)
  region size 1024K, 2 young (2048K), 2 survivors (2048K)
 Metaspace       used 131565K, committed 132480K, reserved 1179648K
  class space    used 17882K, committed 18304K, reserved 1048576K
}
Event: 2539.969 GC heap before
{Heap before GC invocations=72 (full 0):
 garbage-first heap   total 240640K, used 124690K [0x0000000080000000, 0x0000000100000000)
  region size 1024K, 25 young (25600K), 2 survivors (2048K)
 Metaspace       used 131649K, committed 132544K, reserved 1179648K
  class space    used 17883K, committed 18304K, reserved 1048576K
}
Event: 2540.005 GC heap after
{Heap after GC invocations=73 (full 0):
 garbage-first heap   total 240640K, used 107503K [0x0000000080000000, 0x0000000100000000)
  region size 1024K, 7 young (7168K), 7 survivors (7168K)
 Metaspace       used 131649K, committed 132544K, reserved 1179648K
  class space    used 17883K, committed 18304K, reserved 1048576K
}
Event: 2562.067 GC heap before
{Heap before GC invocations=74 (full 0):
 garbage-first heap   total 240640K, used 206831K [0x0000000080000000, 0x0000000100000000)
  region size 1024K, 91 young (93184K), 7 survivors (7168K)
 Metaspace       used 131935K, committed 132800K, reserved 1179648K
  class space    used 17884K, committed 18304K, reserved 1048576K
}
Event: 2562.239 GC heap after
{Heap after GC invocations=75 (full 0):
 garbage-first heap   total 240640K, used 111201K [0x0000000080000000, 0x0000000100000000)
  region size 1024K, 8 young (8192K), 8 survivors (8192K)
 Metaspace       used 131935K, committed 132800K, reserved 1179648K
  class space    used 17884K, committed 18304K, reserved 1048576K
}
Event: 2562.694 GC heap before
{Heap before GC invocations=75 (full 0):
 garbage-first heap   total 240640K, used 114273K [0x0000000080000000, 0x0000000100000000)
  region size 1024K, 11 young (11264K), 8 survivors (8192K)
 Metaspace       used 131953K, committed 132800K, reserved 1179648K
  class space    used 17884K, committed 18304K, reserved 1048576K
}
Event: 2562.846 GC heap after
{Heap after GC invocations=76 (full 0):
 garbage-first heap   total 240640K, used 106020K [0x0000000080000000, 0x0000000100000000)
  region size 1024K, 2 young (2048K), 2 survivors (2048K)
 Metaspace       used 131953K, committed 132800K, reserved 1179648K
  class space    used 17884K, committed 18304K, reserved 1048576K
}
Event: 3164.617 GC heap before
{Heap before GC invocations=76 (full 0):
 garbage-first heap   total 240640K, used 195108K [0x0000000080000000, 0x0000000100000000)
  region size 1024K, 89 young (91136K), 2 survivors (2048K)
 Metaspace       used 132649K, committed 133760K, reserved 1179648K
  class space    used 17994K, committed 18496K, reserved 1048576K
}

